<?xml version="1.0" encoding="UTF-8"?>
<!-- Generated by org.testng.reporters.JUnitReportReporter -->
<testsuite hostname="Chris-Desktop" failures="0" tests="2" name="com.helpdesk.testing.crearEliminarUsuarios" time="29.539" errors="0" timestamp="2021-12-15T11:01:52 CST" skipped="0">
  <testcase classname="com.helpdesk.testing.crearEliminarUsuarios" name="crearUsario" time="13.265"/>
  <system-out/>
  <testcase classname="com.helpdesk.testing.crearEliminarUsuarios" name="eliminarUsario" time="16.274"/>
  <system-out/>
</testsuite> <!-- com.helpdesk.testing.crearEliminarUsuarios -->
