<?xml version="1.0" encoding="UTF-8"?>
<!-- Generated by org.testng.reporters.JUnitReportReporter -->
<testsuite hostname="Chris-Desktop" failures="0" tests="2" name="com.helpdesk.testing.contadorCasos" time="34.497" errors="0" timestamp="2021-12-10T21:17:52 CST" skipped="0">
  <testcase classname="com.helpdesk.testing.contadorCasos" name="cuentaTiqueteUsuario" time="14.951"/>
  <system-out/>
  <testcase classname="com.helpdesk.testing.contadorCasos" name="cuentaTiqueteAdmin" time="19.546"/>
  <system-out/>
</testsuite> <!-- com.helpdesk.testing.contadorCasos -->
