<?xml version="1.0" encoding="UTF-8"?>
<!-- Generated by org.testng.reporters.JUnitReportReporter -->
<testsuite hostname="Chris-Desktop" failures="0" tests="1" name="com.helpdesk.testing.crearComentarios" time="10.676" errors="0" timestamp="2021-12-09T01:08:29 CST" skipped="0">
  <testcase classname="com.helpdesk.testing.crearComentarios" name="revisarComentario" time="10.676"/>
  <system-out/>
</testsuite> <!-- com.helpdesk.testing.crearComentarios -->
