<?xml version="1.0" encoding="UTF-8"?>
<!-- Generated by org.testng.reporters.JUnitReportReporter -->
<testsuite hostname="Chris-Desktop" failures="0" tests="2" name="com.helpdesk.testing.testCrearTiquete" time="22.064" errors="0" timestamp="2021-12-09T01:07:12 CST" skipped="0">
  <testcase classname="com.helpdesk.testing.testCrearTiquete" name="crearTiqueteUsuario" time="11.827"/>
  <system-out/>
  <testcase classname="com.helpdesk.testing.testCrearTiquete" name="verTiqueteUsuario" time="10.237"/>
  <system-out/>
</testsuite> <!-- com.helpdesk.testing.testCrearTiquete -->
